<?xml version="1.0" encoding="UTF-8"?>
<!-- Generated by org.testng.reporters.JUnitReportReporter -->
<testsuite hostname="DESKTOP-12VJV9J" name="stu.login" tests="1" failures="0" timestamp="14 Mar 2019 00:56:41 GMT" time="0.010" errors="0">
  <testcase name="Alogin" time="0.010" classname="stu.login"/>
</testsuite> <!-- stu.login -->
