<?xml version="1.0" encoding="UTF-8"?>
<!-- Generated by org.testng.reporters.JUnitReportReporter -->
<testsuite hostname="DESKTOP-12VJV9J" name="testng.NewTest" tests="1" failures="0" timestamp="27 Dec 2018 06:58:14 GMT" time="0.016" errors="0">
  <testcase name="f" time="0.016" classname="testng.NewTest"/>
</testsuite> <!-- testng.NewTest -->
